Copyright 1986-2018 Xilinx, Inc. All Rights Reserved.
-----------------------------------------------------------------------------------------------
| Tool Version : Vivado v.2018.3 (lin64) Build 2405991 Thu Dec  6 23:36:41 MST 2018
| Date         : Wed Sep  8 22:42:09 2021
| Host         : CAMILO-LAPTOP-LX running 64-bit Ubuntu 20.04.3 LTS
| Command      : report_utilization -hierarchical -file top_utilization_hierarchical_synth.rpt
| Design       : top
| Device       : 7a35tcpg236-1
| Design State : Synthesized
-----------------------------------------------------------------------------------------------

Utilization Design Information

Table of Contents
-----------------
1. Utilization by Hierarchy

1. Utilization by Hierarchy
---------------------------

+----------------------------+------------------+------------+------------+---------+------+------+--------+--------+--------------+
|          Instance          |      Module      | Total LUTs | Logic LUTs | LUTRAMs | SRLs |  FFs | RAMB36 | RAMB18 | DSP48 Blocks |
+----------------------------+------------------+------------+------------+---------+------+------+--------+--------+--------------+
| top                        |            (top) |       2426 |       2410 |      16 |    0 | 1723 |     15 |      8 |            4 |
|   (top)                    |            (top) |        205 |        189 |      16 |    0 |  462 |     14 |      0 |            0 |
|   VexRiscv                 |         VexRiscv |       2218 |       2218 |       0 |    0 | 1252 |      1 |      8 |            4 |
|     (VexRiscv)             |         VexRiscv |        933 |        933 |       0 |    0 | 1020 |      0 |      2 |            4 |
|     IBusCachedPlugin_cache | InstructionCache |        676 |        676 |       0 |    0 |  111 |      1 |      1 |            0 |
|     dataCache_1_           |        DataCache |        609 |        609 |       0 |    0 |  121 |      0 |      5 |            0 |
|   gpio                     |             gpio |          3 |          3 |       0 |    0 |    9 |      0 |      0 |            0 |
+----------------------------+------------------+------------+------------+---------+------+------+--------+--------+--------------+


